Using pre-set license
Built from '2022.3/release' branch; Version is '2022.3.18f1 (d29bea25151d) revision 13802474'; Using compiler version '192829333'; Build Type 'Release'
OS: 'Windows 11  (10.0.22631) 64bit Core' Language: 'en' Physical Memory: 15724 MB
BatchMode: 1, IsHumanControllingUs: 0, StartBugReporterOnCrash: 0, Is64bit: 1, IsPro: 1

COMMAND LINE ARGUMENTS:
C:\Program Files\Unity\Hub\Editor\2022.3.18f1\Editor\Unity.exe
-adb2
-batchMode
-noUpm
-name
AssetImportWorker0
-projectPath
C:/Users/danic/OneDrive/Documents/GitHub/PrototypeCars-CISC4900
-logFile
Logs/AssetImportWorker0.log
-srvPort
52484
Successfully changed project path to: C:/Users/danic/OneDrive/Documents/GitHub/PrototypeCars-CISC4900
C:/Users/danic/OneDrive/Documents/GitHub/PrototypeCars-CISC4900
[UnityMemory] Configuration Parameters - Can be set up in boot.config
    "memorysetup-bucket-allocator-granularity=16"
    "memorysetup-bucket-allocator-bucket-count=8"
    "memorysetup-bucket-allocator-block-size=33554432"
    "memorysetup-bucket-allocator-block-count=8"
    "memorysetup-main-allocator-block-size=16777216"
    "memorysetup-thread-allocator-block-size=16777216"
    "memorysetup-gfx-main-allocator-block-size=16777216"
    "memorysetup-gfx-thread-allocator-block-size=16777216"
    "memorysetup-cache-allocator-block-size=4194304"
    "memorysetup-typetree-allocator-block-size=2097152"
    "memorysetup-profiler-bucket-allocator-granularity=16"
    "memorysetup-profiler-bucket-allocator-bucket-count=8"
    "memorysetup-profiler-bucket-allocator-block-size=33554432"
    "memorysetup-profiler-bucket-allocator-block-count=8"
    "memorysetup-profiler-allocator-block-size=16777216"
    "memorysetup-profiler-editor-allocator-block-size=1048576"
    "memorysetup-temp-allocator-size-main=16777216"
    "memorysetup-job-temp-allocator-block-size=2097152"
    "memorysetup-job-temp-allocator-block-size-background=1048576"
    "memorysetup-job-temp-allocator-reduction-small-platforms=262144"
    "memorysetup-allocator-temp-initial-block-size-main=262144"
    "memorysetup-allocator-temp-initial-block-size-worker=262144"
    "memorysetup-temp-allocator-size-background-worker=32768"
    "memorysetup-temp-allocator-size-job-worker=262144"
    "memorysetup-temp-allocator-size-preload-manager=33554432"
    "memorysetup-temp-allocator-size-nav-mesh-worker=65536"
    "memorysetup-temp-allocator-size-audio-worker=65536"
    "memorysetup-temp-allocator-size-cloud-worker=32768"
    "memorysetup-temp-allocator-size-gi-baking-worker=262144"
    "memorysetup-temp-allocator-size-gfx=262144"
Player connection [32128] Host "[IP] 192.168.1.252 [Port] 0 [Flags] 2 [Guid] 3221654764 [EditorId] 3221654764 [Version] 1048832 [Id] WindowsEditor(7,AcerDan) [Debug] 1 [PackageName] WindowsEditor [ProjectName] Editor" joined multi-casting on [225.0.0.222:54997]...

Player connection [32128] Host "[IP] 192.168.1.252 [Port] 0 [Flags] 2 [Guid] 3221654764 [EditorId] 3221654764 [Version] 1048832 [Id] WindowsEditor(7,AcerDan) [Debug] 1 [PackageName] WindowsEditor [ProjectName] Editor" joined alternative multi-casting on [225.0.0.222:34997]...

[Physics::Module] Initialized MultithreadedJobDispatcher with 15 workers.
Refreshing native plugins compatible for Editor in 22.46 ms, found 3 plugins.
Preloading 0 native plugins for Editor in 0.00 ms.
Initialize engine version: 2022.3.18f1 (d29bea25151d)
[Subsystems] Discovering subsystems at path C:/Program Files/Unity/Hub/Editor/2022.3.18f1/Editor/Data/Resources/UnitySubsystems
[Subsystems] Discovering subsystems at path C:/Users/danic/OneDrive/Documents/GitHub/PrototypeCars-CISC4900/Assets
GfxDevice: creating device client; threaded=0; jobified=0
Direct3D:
    Version:  Direct3D 11.0 [level 11.1]
    Renderer: NVIDIA GeForce RTX 3050 Ti Laptop GPU (ID=0x25a0)
    Vendor:   NVIDIA
    VRAM:     3962 MB
    Driver:   31.0.15.5123
Initialize mono
Mono path[0] = 'C:/Program Files/Unity/Hub/Editor/2022.3.18f1/Editor/Data/Managed'
Mono path[1] = 'C:/Program Files/Unity/Hub/Editor/2022.3.18f1/Editor/Data/MonoBleedingEdge/lib/mono/unityjit-win32'
Mono config path = 'C:/Program Files/Unity/Hub/Editor/2022.3.18f1/Editor/Data/MonoBleedingEdge/etc'
Using monoOptions --debugger-agent=transport=dt_socket,embedding=1,server=y,suspend=n,address=127.0.0.1:56884
Begin MonoManager ReloadAssembly
Registering precompiled unity dll's ...
Register platform support module: C:/Program Files/Unity/Hub/Editor/2022.3.18f1/Editor/Data/PlaybackEngines/WindowsStandaloneSupport/UnityEditor.WindowsStandalone.Extensions.dll
Registered in 0.006302 seconds.
- Loaded All Assemblies, in  0.368 seconds
Native extension for WindowsStandalone target not found
Mono: successfully reloaded assembly
- Finished resetting the current domain, in  0.267 seconds
Domain Reload Profiling: 634ms
	BeginReloadAssembly (147ms)
		ExecutionOrderSort (0ms)
		DisableScriptedObjects (0ms)
		BackupInstance (0ms)
		ReleaseScriptingObjects (0ms)
		CreateAndSetChildDomain (1ms)
	RebuildCommonClasses (30ms)
	RebuildNativeTypeToScriptingClass (10ms)
	initialDomainReloadingComplete (52ms)
	LoadAllAssembliesAndSetupDomain (129ms)
		LoadAssemblies (145ms)
		RebuildTransferFunctionScriptingTraits (0ms)
		AnalyzeDomain (127ms)
			TypeCache.Refresh (125ms)
				TypeCache.ScanAssembly (113ms)
			ScanForSourceGeneratedMonoScriptInfo (0ms)
			ResolveRequiredComponents (0ms)
	FinalizeReload (267ms)
		ReleaseScriptCaches (0ms)
		RebuildScriptCaches (0ms)
		SetupLoadedEditorAssemblies (209ms)
			LogAssemblyErrors (0ms)
			InitializePlatformSupportModulesInManaged (9ms)
			SetLoadedEditorAssemblies (8ms)
			RefreshPlugins (0ms)
			BeforeProcessingInitializeOnLoad (2ms)
			ProcessInitializeOnLoadAttributes (140ms)
			ProcessInitializeOnLoadMethodAttributes (49ms)
			AfterProcessingInitializeOnLoad (0ms)
			EditorAssembliesLoaded (0ms)
		ExecutionOrderSort2 (0ms)
		AwakeInstancesAfterBackupRestoration (0ms)
========================================================================
Worker process is ready to serve import requests
Begin MonoManager ReloadAssembly
- Loaded All Assemblies, in  0.674 seconds
Refreshing native plugins compatible for Editor in 3.03 ms, found 3 plugins.
Native extension for WindowsStandalone target not found
Package Manager log level set to [2]
[Package Manager] Server::EnsureServerProcessIsRunning -- launch failed, reason: Unity was launched with the -noUpm command-line argument
[Package Manager] UpmClient::Send -- Unable to send message (not connected to UPM process).
[Package Manager] Cannot connect to Unity Package Manager local server
Mono: successfully reloaded assembly
- Finished resetting the current domain, in  0.650 seconds
Domain Reload Profiling: 1322ms
	BeginReloadAssembly (150ms)
		ExecutionOrderSort (0ms)
		DisableScriptedObjects (5ms)
		BackupInstance (0ms)
		ReleaseScriptingObjects (0ms)
		CreateAndSetChildDomain (25ms)
	RebuildCommonClasses (30ms)
	RebuildNativeTypeToScriptingClass (8ms)
	initialDomainReloadingComplete (38ms)
	LoadAllAssembliesAndSetupDomain (446ms)
		LoadAssemblies (370ms)
		RebuildTransferFunctionScriptingTraits (0ms)
		AnalyzeDomain (162ms)
			TypeCache.Refresh (143ms)
				TypeCache.ScanAssembly (129ms)
			ScanForSourceGeneratedMonoScriptInfo (14ms)
			ResolveRequiredComponents (4ms)
	FinalizeReload (650ms)
		ReleaseScriptCaches (0ms)
		RebuildScriptCaches (0ms)
		SetupLoadedEditorAssemblies (500ms)
			LogAssemblyErrors (0ms)
			InitializePlatformSupportModulesInManaged (8ms)
			SetLoadedEditorAssemblies (5ms)
			RefreshPlugins (0ms)
			BeforeProcessingInitializeOnLoad (59ms)
			ProcessInitializeOnLoadAttributes (404ms)
			ProcessInitializeOnLoadMethodAttributes (19ms)
			AfterProcessingInitializeOnLoad (5ms)
			EditorAssembliesLoaded (0ms)
		ExecutionOrderSort2 (0ms)
		AwakeInstancesAfterBackupRestoration (5ms)
Launched and connected shader compiler UnityShaderCompiler.exe after 0.06 seconds
Refreshing native plugins compatible for Editor in 5.60 ms, found 3 plugins.
Preloading 0 native plugins for Editor in 0.00 ms.
Unloading 3406 Unused Serialized files (Serialized files now loaded: 0)
Unloading 55 unused Assets / (1.5 MB). Loaded Objects now: 3886.
Memory consumption went from 164.9 MB to 163.4 MB.
Total: 7.071300 ms (FindLiveObjects: 0.636000 ms CreateObjectMapping: 0.457800 ms MarkObjects: 5.124900 ms  DeleteObjects: 0.850600 ms)

AssetImportParameters requested are different than current active one (requested -> active):
  custom:container-demuxer-ogg: 62fdf1f143b41e24485cea50d1cbac27 -> 
  custom:video-decoder-ogg-theora: a1e56fd34408186e4bbccfd4996cb3dc -> 
  custom:framework-win-MediaFoundation: 216162199b28c13a410421893ffa2e32 -> 
  custom:CustomObjectIndexerAttribute: 6d391050e5a25f67b0a2c618074f2cd9 -> 
  custom:container-demuxer-webm: 4f35f7cbe854078d1ac9338744f61a02 -> 
  custom:container-muxer-webm: aa71ff27fc2769a1b78a27578f13a17b -> 
  custom:video-decoder-webm-vp8: 9c59270c3fd7afecdb556c50c9e8de78 -> 
  custom:SearchIndexIgnoredProperties: e643bd26f0fe6173181afceb89e7c659 -> 
  custom:AudioImporter_EditorPlatform: d09bf68614088b80899f8185d706f6e7 -> 
  custom:video-encoder-webm-vp8: eb34c28f22e8b96e1ab97ce403110664 -> 
  custom:audio-decoder-ogg-vorbis: bf7c407c2cedff20999df2af8eb42d56 -> 
  custom:audio-encoder-webm-vorbis: bf7c407c2cedff20999df2af8eb42d56 -> 
========================================================================
Received Import Request.
  Time since last request: 70005.484740 seconds.
  path: Assets/Vehicle
  artifactKey: Guid(c3461925938794c0e932739707e37112) Importer(815301076,1909f56bfc062723c751e8b465ee728b)
Start importing Assets/Vehicle using Guid(c3461925938794c0e932739707e37112) Importer(815301076,1909f56bfc062723c751e8b465ee728b)  -> (artifact id: 'c4e4c72ee37066bf0fec019f54404b97') in 0.005016 seconds
Number of updated asset objects reloaded before import = 0
Number of asset objects unloaded after import = 0
========================================================================
Received Import Request.
  Time since last request: 0.000023 seconds.
  path: Assets/Vehicle/FEngAWDNOARMATURE.fbx
  artifactKey: Guid(7d0c63d49e174f347b8fe175730c1139) Importer(815301076,1909f56bfc062723c751e8b465ee728b)
Start importing Assets/Vehicle/FEngAWDNOARMATURE.fbx using Guid(7d0c63d49e174f347b8fe175730c1139) Importer(815301076,1909f56bfc062723c751e8b465ee728b)  -> (artifact id: '2e24bc5653f8c90c1de562f57aaf5273') in 0.760682 seconds
Number of updated asset objects reloaded before import = 0
Number of asset objects unloaded after import = 240
========================================================================
Received Import Request.
  Time since last request: 3481.544206 seconds.
  path: Assets/FRMuscle 2.fbx
  artifactKey: Guid(159c8eccfb214a545813e1e7d5317f20) Importer(815301076,1909f56bfc062723c751e8b465ee728b)
Start importing Assets/FRMuscle 2.fbx using Guid(159c8eccfb214a545813e1e7d5317f20) Importer(815301076,1909f56bfc062723c751e8b465ee728b)  -> (artifact id: '24b3a55ddb91107139f9670c3cf0993d') in 0.374551 seconds
Number of updated asset objects reloaded before import = 0
Number of asset objects unloaded after import = 78
========================================================================
Received Import Request.
  Time since last request: 29.583900 seconds.
  path: Assets/FRMuscEngineSounds.cs
  artifactKey: Guid(35893e0644d5cc74bb78ef3b0c92c477) Importer(815301076,1909f56bfc062723c751e8b465ee728b)
Start importing Assets/FRMuscEngineSounds.cs using Guid(35893e0644d5cc74bb78ef3b0c92c477) Importer(815301076,1909f56bfc062723c751e8b465ee728b)  -> (artifact id: '793b0ac1b283231db3ce45251e1231f6') in 0.000659 seconds
Number of updated asset objects reloaded before import = 0
Number of asset objects unloaded after import = 0
========================================================================
Received Import Request.
  Time since last request: 21.301674 seconds.
  path: Assets/FRMuscleSounds
  artifactKey: Guid(cdb2cbc774308914e89a05788d000671) Importer(815301076,1909f56bfc062723c751e8b465ee728b)
Start importing Assets/FRMuscleSounds using Guid(cdb2cbc774308914e89a05788d000671) Importer(815301076,1909f56bfc062723c751e8b465ee728b)  -> (artifact id: 'a6a1b80ab6c443f4d4aef7cced121714') in 0.000567 seconds
Number of updated asset objects reloaded before import = 0
Number of asset objects unloaded after import = 0
========================================================================
Received Import Request.
  Time since last request: 4.805962 seconds.
  path: Assets/Scenes
  artifactKey: Guid(48e24a02c0acb4ff6870289bdc75ed61) Importer(815301076,1909f56bfc062723c751e8b465ee728b)
Start importing Assets/Scenes using Guid(48e24a02c0acb4ff6870289bdc75ed61) Importer(815301076,1909f56bfc062723c751e8b465ee728b)  -> (artifact id: '93218e69fb7c95acbd6005d971a68199') in 0.000622 seconds
Number of updated asset objects reloaded before import = 0
Number of asset objects unloaded after import = 0
========================================================================
Received Import Request.
  Time since last request: 2.041977 seconds.
  path: Assets/Scenes/City
  artifactKey: Guid(f9b50832352ad476695526f64d7f08b3) Importer(815301076,1909f56bfc062723c751e8b465ee728b)
Start importing Assets/Scenes/City using Guid(f9b50832352ad476695526f64d7f08b3) Importer(815301076,1909f56bfc062723c751e8b465ee728b)  -> (artifact id: '796208345284be0298a9940ac8c3ea30') in 0.000595 seconds
Number of updated asset objects reloaded before import = 0
Number of asset objects unloaded after import = 0
========================================================================
Received Import Request.
  Time since last request: 1.000663 seconds.
  path: Assets/Scenes/City/CityScene.unity
  artifactKey: Guid(72d7150bef92a4e3c811e7e0ab3a590c) Importer(815301076,1909f56bfc062723c751e8b465ee728b)
Start importing Assets/Scenes/City/CityScene.unity using Guid(72d7150bef92a4e3c811e7e0ab3a590c) Importer(815301076,1909f56bfc062723c751e8b465ee728b)  -> (artifact id: '7bf8e60c34b4866e47fa8db5febe475c') in 0.000612 seconds
Number of updated asset objects reloaded before import = 0
Number of asset objects unloaded after import = 0
========================================================================
Received Prepare
Begin MonoManager ReloadAssembly
IOException: Sharing violation on path C:\Users\danic\OneDrive\Documents\GitHub\PrototypeCars-CISC4900\ProjectSettings\Packages\com.unity.testtools.codecoverage\Settings.json
  at System.IO.FileStream..ctor (System.String path, System.IO.FileMode mode, System.IO.FileAccess access, System.IO.FileShare share, System.Int32 bufferSize, System.Boolean anonymous, System.IO.FileOptions options) [0x0019e] in <bfbc89a04b6b4dd49c3614d03fc31ce8>:0 
  at System.IO.FileStream..ctor (System.String path, System.IO.FileMode mode, System.IO.FileAccess access, System.IO.FileShare share, System.Int32 bufferSize, System.IO.FileOptions options) [0x00000] in <bfbc89a04b6b4dd49c3614d03fc31ce8>:0 
  at (wrapper remoting-invoke-with-check) System.IO.FileStream..ctor(string,System.IO.FileMode,System.IO.FileAccess,System.IO.FileShare,int,System.IO.FileOptions)
  at System.IO.StreamWriter..ctor (System.String path, System.Boolean append, System.Text.Encoding encoding, System.Int32 bufferSize) [0x00055] in <bfbc89a04b6b4dd49c3614d03fc31ce8>:0 
  at System.IO.StreamWriter..ctor (System.String path) [0x00008] in <bfbc89a04b6b4dd49c3614d03fc31ce8>:0 
  at (wrapper remoting-invoke-with-check) System.IO.StreamWriter..ctor(string)
  at System.IO.File.WriteAllText (System.String path, System.String contents) [0x00026] in <bfbc89a04b6b4dd49c3614d03fc31ce8>:0 
  at UnityEditor.SettingsManagement.FileSettingsRepository.Save () [0x000e2] in .\Library\PackageCache\com.unity.settings-manager@2.0.1\Editor\FileSettingsRepository.cs:154 
  at UnityEditor.AssemblyReloadEvents.OnBeforeAssemblyReload () [0x00017] in <8e887700cd7e4674989da7b046e8eaa6>:0 

(Filename: ./Library/PackageCache/com.unity.settings-manager@2.0.1/Editor/FileSettingsRepository.cs Line: 154)

- Loaded All Assemblies, in  0.482 seconds
Refreshing native plugins compatible for Editor in 3.14 ms, found 3 plugins.
Native extension for WindowsStandalone target not found
[Package Manager] Server::EnsureServerProcessIsRunning -- launch failed, reason: Unity was launched with the -noUpm command-line argument
[Package Manager] UpmClient::Send -- Unable to send message (not connected to UPM process).
[Package Manager] Cannot connect to Unity Package Manager local server
Mono: successfully reloaded assembly
- Finished resetting the current domain, in  3.236 seconds
Domain Reload Profiling: 3716ms
	BeginReloadAssembly (156ms)
		ExecutionOrderSort (0ms)
		DisableScriptedObjects (4ms)
		BackupInstance (0ms)
		ReleaseScriptingObjects (0ms)
		CreateAndSetChildDomain (38ms)
	RebuildCommonClasses (29ms)
	RebuildNativeTypeToScriptingClass (9ms)
	initialDomainReloadingComplete (28ms)
	LoadAllAssembliesAndSetupDomain (258ms)
		LoadAssemblies (316ms)
		RebuildTransferFunctionScriptingTraits (0ms)
		AnalyzeDomain (19ms)
			TypeCache.Refresh (9ms)
				TypeCache.ScanAssembly (2ms)
			ScanForSourceGeneratedMonoScriptInfo (6ms)
			ResolveRequiredComponents (4ms)
	FinalizeReload (3237ms)
		ReleaseScriptCaches (0ms)
		RebuildScriptCaches (0ms)
		SetupLoadedEditorAssemblies (443ms)
			LogAssemblyErrors (0ms)
			InitializePlatformSupportModulesInManaged (5ms)
			SetLoadedEditorAssemblies (3ms)
			RefreshPlugins (0ms)
			BeforeProcessingInitializeOnLoad (74ms)
			ProcessInitializeOnLoadAttributes (338ms)
			ProcessInitializeOnLoadMethodAttributes (18ms)
			AfterProcessingInitializeOnLoad (5ms)
			EditorAssembliesLoaded (0ms)
		ExecutionOrderSort2 (0ms)
		AwakeInstancesAfterBackupRestoration (6ms)
Refreshing native plugins compatible for Editor in 5.61 ms, found 3 plugins.
Preloading 0 native plugins for Editor in 0.00 ms.
Unloading 3508 Unused Serialized files (Serialized files now loaded: 0)
Unloading 36 unused Assets / (1.5 MB). Loaded Objects now: 4102.
Memory consumption went from 159.6 MB to 158.1 MB.
Total: 9.160900 ms (FindLiveObjects: 0.770900 ms CreateObjectMapping: 0.283600 ms MarkObjects: 7.010800 ms  DeleteObjects: 1.093800 ms)

Prepare: number of updated asset objects reloaded= 0
AssetImportParameters requested are different than current active one (requested -> active):
  custom:container-demuxer-ogg: 62fdf1f143b41e24485cea50d1cbac27 -> 
  custom:video-decoder-ogg-theora: a1e56fd34408186e4bbccfd4996cb3dc -> 
  custom:framework-win-MediaFoundation: 216162199b28c13a410421893ffa2e32 -> 
  custom:CustomObjectIndexerAttribute: 6d391050e5a25f67b0a2c618074f2cd9 -> 
  custom:container-demuxer-webm: 4f35f7cbe854078d1ac9338744f61a02 -> 
  custom:container-muxer-webm: aa71ff27fc2769a1b78a27578f13a17b -> 
  custom:video-decoder-webm-vp8: 9c59270c3fd7afecdb556c50c9e8de78 -> 
  custom:SearchIndexIgnoredProperties: e643bd26f0fe6173181afceb89e7c659 -> 
  custom:AudioImporter_EditorPlatform: d09bf68614088b80899f8185d706f6e7 -> 
  custom:video-encoder-webm-vp8: eb34c28f22e8b96e1ab97ce403110664 -> 
  custom:audio-decoder-ogg-vorbis: bf7c407c2cedff20999df2af8eb42d56 -> 
  custom:audio-encoder-webm-vorbis: bf7c407c2cedff20999df2af8eb42d56 -> 
========================================================================
Received Prepare
Begin MonoManager ReloadAssembly
- Loaded All Assemblies, in  0.407 seconds
Refreshing native plugins compatible for Editor in 3.02 ms, found 3 plugins.
Native extension for WindowsStandalone target not found
[Package Manager] Server::EnsureServerProcessIsRunning -- launch failed, reason: Unity was launched with the -noUpm command-line argument
[Package Manager] UpmClient::Send -- Unable to send message (not connected to UPM process).
[Package Manager] Cannot connect to Unity Package Manager local server
Mono: successfully reloaded assembly
- Finished resetting the current domain, in  0.848 seconds
Domain Reload Profiling: 1254ms
	BeginReloadAssembly (147ms)
		ExecutionOrderSort (0ms)
		DisableScriptedObjects (5ms)
		BackupInstance (0ms)
		ReleaseScriptingObjects (0ms)
		CreateAndSetChildDomain (36ms)
	RebuildCommonClasses (30ms)
	RebuildNativeTypeToScriptingClass (8ms)
	initialDomainReloadingComplete (25ms)
	LoadAllAssembliesAndSetupDomain (195ms)
		LoadAssemblies (263ms)
		RebuildTransferFunctionScriptingTraits (0ms)
		AnalyzeDomain (10ms)
			TypeCache.Refresh (5ms)
				TypeCache.ScanAssembly (0ms)
			ScanForSourceGeneratedMonoScriptInfo (0ms)
			ResolveRequiredComponents (4ms)
	FinalizeReload (849ms)
		ReleaseScriptCaches (0ms)
		RebuildScriptCaches (0ms)
		SetupLoadedEditorAssemblies (398ms)
			LogAssemblyErrors (0ms)
			InitializePlatformSupportModulesInManaged (7ms)
			SetLoadedEditorAssemblies (4ms)
			RefreshPlugins (0ms)
			BeforeProcessingInitializeOnLoad (61ms)
			ProcessInitializeOnLoadAttributes (302ms)
			ProcessInitializeOnLoadMethodAttributes (18ms)
			AfterProcessingInitializeOnLoad (5ms)
			EditorAssembliesLoaded (0ms)
		ExecutionOrderSort2 (0ms)
		AwakeInstancesAfterBackupRestoration (5ms)
Refreshing native plugins compatible for Editor in 5.36 ms, found 3 plugins.
Preloading 0 native plugins for Editor in 0.00 ms.
Unloading 3509 Unused Serialized files (Serialized files now loaded: 0)
Unloading 36 unused Assets / (1.5 MB). Loaded Objects now: 4105.
Memory consumption went from 161.8 MB to 160.3 MB.
Total: 6.738500 ms (FindLiveObjects: 0.576000 ms CreateObjectMapping: 0.148200 ms MarkObjects: 5.268800 ms  DeleteObjects: 0.743600 ms)

Prepare: number of updated asset objects reloaded= 0
AssetImportParameters requested are different than current active one (requested -> active):
  custom:container-demuxer-ogg: 62fdf1f143b41e24485cea50d1cbac27 -> 
  custom:video-decoder-ogg-theora: a1e56fd34408186e4bbccfd4996cb3dc -> 
  custom:framework-win-MediaFoundation: 216162199b28c13a410421893ffa2e32 -> 
  custom:CustomObjectIndexerAttribute: 6d391050e5a25f67b0a2c618074f2cd9 -> 
  custom:container-demuxer-webm: 4f35f7cbe854078d1ac9338744f61a02 -> 
  custom:container-muxer-webm: aa71ff27fc2769a1b78a27578f13a17b -> 
  custom:video-decoder-webm-vp8: 9c59270c3fd7afecdb556c50c9e8de78 -> 
  custom:SearchIndexIgnoredProperties: e643bd26f0fe6173181afceb89e7c659 -> 
  custom:AudioImporter_EditorPlatform: d09bf68614088b80899f8185d706f6e7 -> 
  custom:video-encoder-webm-vp8: eb34c28f22e8b96e1ab97ce403110664 -> 
  custom:audio-decoder-ogg-vorbis: bf7c407c2cedff20999df2af8eb42d56 -> 
  custom:audio-encoder-webm-vorbis: bf7c407c2cedff20999df2af8eb42d56 -> 
========================================================================
Received Import Request.
  Time since last request: 165.037298 seconds.
  path: Assets/Vehicle/FRMuscle 2.prefab
  artifactKey: Guid(3a035668312d5bf4ca79948176ca732e) Importer(815301076,1909f56bfc062723c751e8b465ee728b)
Start importing Assets/Vehicle/FRMuscle 2.prefab using Guid(3a035668312d5bf4ca79948176ca732e) Importer(815301076,1909f56bfc062723c751e8b465ee728b)  -> (artifact id: '0f934c3792705a7535648c31edc6094f') in 0.223961 seconds
Number of updated asset objects reloaded before import = 0
Number of asset objects unloaded after import = 298
========================================================================
Received Prepare
Begin MonoManager ReloadAssembly
- Loaded All Assemblies, in  0.399 seconds
Refreshing native plugins compatible for Editor in 2.72 ms, found 3 plugins.
Native extension for WindowsStandalone target not found
[Package Manager] Server::EnsureServerProcessIsRunning -- launch failed, reason: Unity was launched with the -noUpm command-line argument
[Package Manager] UpmClient::Send -- Unable to send message (not connected to UPM process).
[Package Manager] Cannot connect to Unity Package Manager local server
Mono: successfully reloaded assembly
- Finished resetting the current domain, in  0.813 seconds
Domain Reload Profiling: 1211ms
	BeginReloadAssembly (151ms)
		ExecutionOrderSort (0ms)
		DisableScriptedObjects (4ms)
		BackupInstance (0ms)
		ReleaseScriptingObjects (0ms)
		CreateAndSetChildDomain (47ms)
	RebuildCommonClasses (35ms)
	RebuildNativeTypeToScriptingClass (8ms)
	initialDomainReloadingComplete (23ms)
	LoadAllAssembliesAndSetupDomain (179ms)
		LoadAssemblies (242ms)
		RebuildTransferFunctionScriptingTraits (0ms)
		AnalyzeDomain (10ms)
			TypeCache.Refresh (5ms)
				TypeCache.ScanAssembly (0ms)
			ScanForSourceGeneratedMonoScriptInfo (0ms)
			ResolveRequiredComponents (4ms)
	FinalizeReload (814ms)
		ReleaseScriptCaches (0ms)
		RebuildScriptCaches (0ms)
		SetupLoadedEditorAssemblies (377ms)
			LogAssemblyErrors (0ms)
			InitializePlatformSupportModulesInManaged (5ms)
			SetLoadedEditorAssemblies (4ms)
			RefreshPlugins (0ms)
			BeforeProcessingInitializeOnLoad (52ms)
			ProcessInitializeOnLoadAttributes (292ms)
			ProcessInitializeOnLoadMethodAttributes (19ms)
			AfterProcessingInitializeOnLoad (5ms)
			EditorAssembliesLoaded (0ms)
		ExecutionOrderSort2 (0ms)
		AwakeInstancesAfterBackupRestoration (5ms)
Refreshing native plugins compatible for Editor in 5.62 ms, found 3 plugins.
Preloading 0 native plugins for Editor in 0.00 ms.
Unloading 3508 Unused Serialized files (Serialized files now loaded: 0)
Unloading 36 unused Assets / (1.5 MB). Loaded Objects now: 4108.
Memory consumption went from 163.5 MB to 162.0 MB.
Total: 6.082900 ms (FindLiveObjects: 0.640400 ms CreateObjectMapping: 0.160800 ms MarkObjects: 4.526800 ms  DeleteObjects: 0.753100 ms)

Prepare: number of updated asset objects reloaded= 0
AssetImportParameters requested are different than current active one (requested -> active):
  custom:container-demuxer-ogg: 62fdf1f143b41e24485cea50d1cbac27 -> 
  custom:video-decoder-ogg-theora: a1e56fd34408186e4bbccfd4996cb3dc -> 
  custom:framework-win-MediaFoundation: 216162199b28c13a410421893ffa2e32 -> 
  custom:CustomObjectIndexerAttribute: 6d391050e5a25f67b0a2c618074f2cd9 -> 
  custom:container-demuxer-webm: 4f35f7cbe854078d1ac9338744f61a02 -> 
  custom:container-muxer-webm: aa71ff27fc2769a1b78a27578f13a17b -> 
  custom:video-decoder-webm-vp8: 9c59270c3fd7afecdb556c50c9e8de78 -> 
  custom:SearchIndexIgnoredProperties: e643bd26f0fe6173181afceb89e7c659 -> 
  custom:AudioImporter_EditorPlatform: d09bf68614088b80899f8185d706f6e7 -> 
  custom:video-encoder-webm-vp8: eb34c28f22e8b96e1ab97ce403110664 -> 
  custom:audio-decoder-ogg-vorbis: bf7c407c2cedff20999df2af8eb42d56 -> 
  custom:audio-encoder-webm-vorbis: bf7c407c2cedff20999df2af8eb42d56 -> 
========================================================================
Received Prepare
Begin MonoManager ReloadAssembly
- Loaded All Assemblies, in  0.492 seconds
Refreshing native plugins compatible for Editor in 4.82 ms, found 3 plugins.
Native extension for WindowsStandalone target not found
[Package Manager] Server::EnsureServerProcessIsRunning -- launch failed, reason: Unity was launched with the -noUpm command-line argument
[Package Manager] UpmClient::Send -- Unable to send message (not connected to UPM process).
[Package Manager] Cannot connect to Unity Package Manager local server
Mono: successfully reloaded assembly
- Finished resetting the current domain, in  5.858 seconds
Domain Reload Profiling: 6347ms
	BeginReloadAssembly (146ms)
		ExecutionOrderSort (0ms)
		DisableScriptedObjects (5ms)
		BackupInstance (0ms)
		ReleaseScriptingObjects (0ms)
		CreateAndSetChildDomain (35ms)
	RebuildCommonClasses (34ms)
	RebuildNativeTypeToScriptingClass (10ms)
	initialDomainReloadingComplete (37ms)
	LoadAllAssembliesAndSetupDomain (262ms)
		LoadAssemblies (325ms)
		RebuildTransferFunctionScriptingTraits (0ms)
		AnalyzeDomain (12ms)
			TypeCache.Refresh (6ms)
				TypeCache.ScanAssembly (0ms)
			ScanForSourceGeneratedMonoScriptInfo (0ms)
			ResolveRequiredComponents (5ms)
	FinalizeReload (5858ms)
		ReleaseScriptCaches (0ms)
		RebuildScriptCaches (0ms)
		SetupLoadedEditorAssemblies (490ms)
			LogAssemblyErrors (0ms)
			InitializePlatformSupportModulesInManaged (6ms)
			SetLoadedEditorAssemblies (3ms)
			RefreshPlugins (0ms)
			BeforeProcessingInitializeOnLoad (65ms)
			ProcessInitializeOnLoadAttributes (385ms)
			ProcessInitializeOnLoadMethodAttributes (24ms)
			AfterProcessingInitializeOnLoad (7ms)
			EditorAssembliesLoaded (0ms)
		ExecutionOrderSort2 (0ms)
		AwakeInstancesAfterBackupRestoration (7ms)
Refreshing native plugins compatible for Editor in 8.18 ms, found 3 plugins.
Preloading 0 native plugins for Editor in 0.00 ms.
Unloading 3509 Unused Serialized files (Serialized files now loaded: 0)
Unloading 36 unused Assets / (1.5 MB). Loaded Objects now: 4111.
Memory consumption went from 165.6 MB to 164.2 MB.
Total: 6.010800 ms (FindLiveObjects: 0.702100 ms CreateObjectMapping: 0.242100 ms MarkObjects: 4.400800 ms  DeleteObjects: 0.664500 ms)

Prepare: number of updated asset objects reloaded= 0
AssetImportParameters requested are different than current active one (requested -> active):
  custom:container-demuxer-ogg: 62fdf1f143b41e24485cea50d1cbac27 -> 
  custom:video-decoder-ogg-theora: a1e56fd34408186e4bbccfd4996cb3dc -> 
  custom:framework-win-MediaFoundation: 216162199b28c13a410421893ffa2e32 -> 
  custom:CustomObjectIndexerAttribute: 6d391050e5a25f67b0a2c618074f2cd9 -> 
  custom:container-demuxer-webm: 4f35f7cbe854078d1ac9338744f61a02 -> 
  custom:container-muxer-webm: aa71ff27fc2769a1b78a27578f13a17b -> 
  custom:video-decoder-webm-vp8: 9c59270c3fd7afecdb556c50c9e8de78 -> 
  custom:SearchIndexIgnoredProperties: e643bd26f0fe6173181afceb89e7c659 -> 
  custom:AudioImporter_EditorPlatform: d09bf68614088b80899f8185d706f6e7 -> 
  custom:video-encoder-webm-vp8: eb34c28f22e8b96e1ab97ce403110664 -> 
  custom:audio-decoder-ogg-vorbis: bf7c407c2cedff20999df2af8eb42d56 -> 
  custom:audio-encoder-webm-vorbis: bf7c407c2cedff20999df2af8eb42d56 -> 
========================================================================
Received Prepare
Begin MonoManager ReloadAssembly
- Loaded All Assemblies, in  0.390 seconds
Refreshing native plugins compatible for Editor in 2.92 ms, found 3 plugins.
Native extension for WindowsStandalone target not found
[Package Manager] Server::EnsureServerProcessIsRunning -- launch failed, reason: Unity was launched with the -noUpm command-line argument
[Package Manager] UpmClient::Send -- Unable to send message (not connected to UPM process).
[Package Manager] Cannot connect to Unity Package Manager local server
Mono: successfully reloaded assembly
- Finished resetting the current domain, in  0.905 seconds
Domain Reload Profiling: 1293ms
	BeginReloadAssembly (143ms)
		ExecutionOrderSort (0ms)
		DisableScriptedObjects (4ms)
		BackupInstance (0ms)
		ReleaseScriptingObjects (0ms)
		CreateAndSetChildDomain (39ms)
	RebuildCommonClasses (27ms)
	RebuildNativeTypeToScriptingClass (15ms)
	initialDomainReloadingComplete (24ms)
	LoadAllAssembliesAndSetupDomain (179ms)
		LoadAssemblies (237ms)
		RebuildTransferFunctionScriptingTraits (0ms)
		AnalyzeDomain (10ms)
			TypeCache.Refresh (5ms)
				TypeCache.ScanAssembly (0ms)
			ScanForSourceGeneratedMonoScriptInfo (0ms)
			ResolveRequiredComponents (4ms)
	FinalizeReload (905ms)
		ReleaseScriptCaches (0ms)
		RebuildScriptCaches (0ms)
		SetupLoadedEditorAssemblies (403ms)
			LogAssemblyErrors (0ms)
			InitializePlatformSupportModulesInManaged (5ms)
			SetLoadedEditorAssemblies (3ms)
			RefreshPlugins (0ms)
			BeforeProcessingInitializeOnLoad (55ms)
			ProcessInitializeOnLoadAttributes (316ms)
			ProcessInitializeOnLoadMethodAttributes (18ms)
			AfterProcessingInitializeOnLoad (6ms)
			EditorAssembliesLoaded (0ms)
		ExecutionOrderSort2 (0ms)
		AwakeInstancesAfterBackupRestoration (6ms)
Refreshing native plugins compatible for Editor in 7.14 ms, found 3 plugins.
Preloading 0 native plugins for Editor in 0.00 ms.
Unloading 3509 Unused Serialized files (Serialized files now loaded: 0)
Unloading 36 unused Assets / (1.5 MB). Loaded Objects now: 4114.
Memory consumption went from 167.6 MB to 166.1 MB.
Total: 7.800300 ms (FindLiveObjects: 0.703200 ms CreateObjectMapping: 0.260600 ms MarkObjects: 5.806700 ms  DeleteObjects: 1.028500 ms)

Prepare: number of updated asset objects reloaded= 0
AssetImportParameters requested are different than current active one (requested -> active):
  custom:container-demuxer-ogg: 62fdf1f143b41e24485cea50d1cbac27 -> 
  custom:video-decoder-ogg-theora: a1e56fd34408186e4bbccfd4996cb3dc -> 
  custom:framework-win-MediaFoundation: 216162199b28c13a410421893ffa2e32 -> 
  custom:CustomObjectIndexerAttribute: 6d391050e5a25f67b0a2c618074f2cd9 -> 
  custom:container-demuxer-webm: 4f35f7cbe854078d1ac9338744f61a02 -> 
  custom:container-muxer-webm: aa71ff27fc2769a1b78a27578f13a17b -> 
  custom:video-decoder-webm-vp8: 9c59270c3fd7afecdb556c50c9e8de78 -> 
  custom:SearchIndexIgnoredProperties: e643bd26f0fe6173181afceb89e7c659 -> 
  custom:AudioImporter_EditorPlatform: d09bf68614088b80899f8185d706f6e7 -> 
  custom:video-encoder-webm-vp8: eb34c28f22e8b96e1ab97ce403110664 -> 
  custom:audio-decoder-ogg-vorbis: bf7c407c2cedff20999df2af8eb42d56 -> 
  custom:audio-encoder-webm-vorbis: bf7c407c2cedff20999df2af8eb42d56 -> 
========================================================================
Received Import Request.
  Time since last request: 276.132300 seconds.
  path: Assets/Vehicle/FRMuscleSounds/EXH_803.wav
  artifactKey: Guid(aabe1099a76efea4c89209b7ab0116ed) Importer(815301076,1909f56bfc062723c751e8b465ee728b)
Start importing Assets/Vehicle/FRMuscleSounds/EXH_803.wav using Guid(aabe1099a76efea4c89209b7ab0116ed) Importer(815301076,1909f56bfc062723c751e8b465ee728b)  -> (artifact id: '732eda494647cc716fcba29a89c4aaa7') in 0.078003 seconds
Number of updated asset objects reloaded before import = 0
Number of asset objects unloaded after import = 2
========================================================================
Received Import Request.
  Time since last request: 0.000024 seconds.
  path: Assets/Vehicle/FRMuscleSounds/EXH_2904_P.wav
  artifactKey: Guid(0e95846885aceb04e9e7b66bd0eb95f1) Importer(815301076,1909f56bfc062723c751e8b465ee728b)
Start importing Assets/Vehicle/FRMuscleSounds/EXH_2904_P.wav using Guid(0e95846885aceb04e9e7b66bd0eb95f1) Importer(815301076,1909f56bfc062723c751e8b465ee728b)  -> (artifact id: '12fb0671c5814fc17d316add7a130481') in 0.018512 seconds
Number of updated asset objects reloaded before import = 0
Number of asset objects unloaded after import = 2
========================================================================
Received Import Request.
  Time since last request: 0.000028 seconds.
  path: Assets/Vehicle/FRMuscleSounds/EXH_859_P.wav
  artifactKey: Guid(24087205b3bfdc34baa2a1f90c38d632) Importer(815301076,1909f56bfc062723c751e8b465ee728b)
Start importing Assets/Vehicle/FRMuscleSounds/EXH_859_P.wav using Guid(24087205b3bfdc34baa2a1f90c38d632) Importer(815301076,1909f56bfc062723c751e8b465ee728b)  -> (artifact id: '9e76ba704a96e44fcf69e3768ce22495') in 0.032720 seconds
Number of updated asset objects reloaded before import = 0
Number of asset objects unloaded after import = 2
========================================================================
Received Import Request.
  Time since last request: 0.000018 seconds.
  path: Assets/Vehicle/FRMuscleSounds/EXH_3806_P.wav
  artifactKey: Guid(31fb04d78b9e9b940a62567bbe9f0666) Importer(815301076,1909f56bfc062723c751e8b465ee728b)
Start importing Assets/Vehicle/FRMuscleSounds/EXH_3806_P.wav using Guid(31fb04d78b9e9b940a62567bbe9f0666) Importer(815301076,1909f56bfc062723c751e8b465ee728b)  -> (artifact id: '4824bed3b05694d7e7f5dbdfad48454f') in 0.026968 seconds
Number of updated asset objects reloaded before import = 0
Number of asset objects unloaded after import = 2
========================================================================
Received Import Request.
  Time since last request: 0.000019 seconds.
  path: Assets/Vehicle/FRMuscleSounds/EXH_1289.wav
  artifactKey: Guid(1430a103726d72644847f96c1c28937a) Importer(815301076,1909f56bfc062723c751e8b465ee728b)
Start importing Assets/Vehicle/FRMuscleSounds/EXH_1289.wav using Guid(1430a103726d72644847f96c1c28937a) Importer(815301076,1909f56bfc062723c751e8b465ee728b)  -> (artifact id: '82dd19b464f6534eb534a363fbd638b1') in 0.027327 seconds
Number of updated asset objects reloaded before import = 0
Number of asset objects unloaded after import = 2
========================================================================
Received Import Request.
  Time since last request: 0.000019 seconds.
  path: Assets/Vehicle/FRMuscleSounds/EXH_1476.wav
  artifactKey: Guid(c3ae467e188cf264fbf77b75fe274866) Importer(815301076,1909f56bfc062723c751e8b465ee728b)
Start importing Assets/Vehicle/FRMuscleSounds/EXH_1476.wav using Guid(c3ae467e188cf264fbf77b75fe274866) Importer(815301076,1909f56bfc062723c751e8b465ee728b)  -> (artifact id: '661c6f76c12bebe7038a858cc9f0c4f5') in 0.024138 seconds
Number of updated asset objects reloaded before import = 0
Number of asset objects unloaded after import = 2
========================================================================
Received Import Request.
  Time since last request: 0.000018 seconds.
  path: Assets/Vehicle/FRMuscleSounds/EXH_1126_P.wav
  artifactKey: Guid(94943ce1578f21d4895a29229ba93628) Importer(815301076,1909f56bfc062723c751e8b465ee728b)
Start importing Assets/Vehicle/FRMuscleSounds/EXH_1126_P.wav using Guid(94943ce1578f21d4895a29229ba93628) Importer(815301076,1909f56bfc062723c751e8b465ee728b)  -> (artifact id: 'cc8fe63b3f3c040086f8320df3b75865') in 0.018724 seconds
Number of updated asset objects reloaded before import = 0
Number of asset objects unloaded after import = 2
========================================================================
Received Import Request.
  Time since last request: 0.000018 seconds.
  path: Assets/Vehicle/FRMuscleSounds/EXH_2536.wav
  artifactKey: Guid(4b41b36f3c7f7b04ca81cf6f30d219c2) Importer(815301076,1909f56bfc062723c751e8b465ee728b)
Start importing Assets/Vehicle/FRMuscleSounds/EXH_2536.wav using Guid(4b41b36f3c7f7b04ca81cf6f30d219c2) Importer(815301076,1909f56bfc062723c751e8b465ee728b)  -> (artifact id: '9ce57ef8301a03736d4c3b3c6ad43c07') in 0.019880 seconds
Number of updated asset objects reloaded before import = 0
Number of asset objects unloaded after import = 2
========================================================================
Received Import Request.
  Time since last request: 0.000018 seconds.
  path: Assets/Vehicle/FRMuscleSounds/EXH_3324_P.wav
  artifactKey: Guid(1ee9719819166884b82e236ce0fb96e0) Importer(815301076,1909f56bfc062723c751e8b465ee728b)
Start importing Assets/Vehicle/FRMuscleSounds/EXH_3324_P.wav using Guid(1ee9719819166884b82e236ce0fb96e0) Importer(815301076,1909f56bfc062723c751e8b465ee728b)  -> (artifact id: 'c44767db7ea10c54a0227416d35fc170') in 0.020010 seconds
Number of updated asset objects reloaded before import = 0
Number of asset objects unloaded after import = 2
========================================================================
Received Import Request.
  Time since last request: 0.000017 seconds.
  path: Assets/Vehicle/FRMuscleSounds/EXH_1579_P.wav
  artifactKey: Guid(ea049dea81e0796409320447f6939652) Importer(815301076,1909f56bfc062723c751e8b465ee728b)
Start importing Assets/Vehicle/FRMuscleSounds/EXH_1579_P.wav using Guid(ea049dea81e0796409320447f6939652) Importer(815301076,1909f56bfc062723c751e8b465ee728b)  -> (artifact id: '6ce4d3fa60065ac34427ecdaf06a8946') in 0.019828 seconds
Number of updated asset objects reloaded before import = 0
Number of asset objects unloaded after import = 2
========================================================================
Received Import Request.
  Time since last request: 0.000017 seconds.
  path: Assets/Vehicle/FRMuscleSounds/EXH_1205_P.wav
  artifactKey: Guid(028eef672616a984bb80022c88603176) Importer(815301076,1909f56bfc062723c751e8b465ee728b)
Start importing Assets/Vehicle/FRMuscleSounds/EXH_1205_P.wav using Guid(028eef672616a984bb80022c88603176) Importer(815301076,1909f56bfc062723c751e8b465ee728b)  -> (artifact id: '27206045e46c35dc9da506f322a23ca9') in 0.019933 seconds
Number of updated asset objects reloaded before import = 0
Number of asset objects unloaded after import = 2
========================================================================
Received Import Request.
  Time since last request: 0.000020 seconds.
  path: Assets/Vehicle/FRMuscleSounds/EXH_1289_P.wav
  artifactKey: Guid(e3910a17e7efb5041ad384101afdd15e) Importer(815301076,1909f56bfc062723c751e8b465ee728b)
Start importing Assets/Vehicle/FRMuscleSounds/EXH_1289_P.wav using Guid(e3910a17e7efb5041ad384101afdd15e) Importer(815301076,1909f56bfc062723c751e8b465ee728b)  -> (artifact id: 'ea0566a72ac1926b103fcba672e7c626') in 0.021403 seconds
Number of updated asset objects reloaded before import = 0
Number of asset objects unloaded after import = 2
========================================================================
Received Import Request.
  Time since last request: 0.000032 seconds.
  path: Assets/Vehicle/FRMuscleSounds/EXH_1380.wav
  artifactKey: Guid(4183b539d56164f409d77e262dafc56a) Importer(815301076,1909f56bfc062723c751e8b465ee728b)
Start importing Assets/Vehicle/FRMuscleSounds/EXH_1380.wav using Guid(4183b539d56164f409d77e262dafc56a) Importer(815301076,1909f56bfc062723c751e8b465ee728b)  -> (artifact id: 'e1369101fedcccc64b8a448d1a9d6359') in 0.018817 seconds
Number of updated asset objects reloaded before import = 0
Number of asset objects unloaded after import = 2
========================================================================
Received Import Request.
  Time since last request: 0.000017 seconds.
  path: Assets/Vehicle/FRMuscleSounds/EXH_1205.wav
  artifactKey: Guid(494448ca0da47e347a9a22283b0d2c9d) Importer(815301076,1909f56bfc062723c751e8b465ee728b)
Start importing Assets/Vehicle/FRMuscleSounds/EXH_1205.wav using Guid(494448ca0da47e347a9a22283b0d2c9d) Importer(815301076,1909f56bfc062723c751e8b465ee728b)  -> (artifact id: '908ea55996e4c3ba4410719ceed1830d') in 0.019213 seconds
Number of updated asset objects reloaded before import = 0
Number of asset objects unloaded after import = 2
========================================================================
Received Import Request.
  Time since last request: 0.000017 seconds.
  path: Assets/Vehicle/FRMuscleSounds/EXH_1126.wav
  artifactKey: Guid(1dbb8389ca5206942b01cf7a1d116c35) Importer(815301076,1909f56bfc062723c751e8b465ee728b)
Start importing Assets/Vehicle/FRMuscleSounds/EXH_1126.wav using Guid(1dbb8389ca5206942b01cf7a1d116c35) Importer(815301076,1909f56bfc062723c751e8b465ee728b)  -> (artifact id: '3c628f3f88df951807c1b1c4e25d1b5b') in 0.020842 seconds
Number of updated asset objects reloaded before import = 0
Number of asset objects unloaded after import = 2
========================================================================
Received Import Request.
  Time since last request: 0.000019 seconds.
  path: Assets/Vehicle/FRMuscleSounds/EXH_2370.wav
  artifactKey: Guid(c5a6e2e0ca8a4df4692f1c5cbfa57639) Importer(815301076,1909f56bfc062723c751e8b465ee728b)
Start importing Assets/Vehicle/FRMuscleSounds/EXH_2370.wav using Guid(c5a6e2e0ca8a4df4692f1c5cbfa57639) Importer(815301076,1909f56bfc062723c751e8b465ee728b)  -> (artifact id: 'fff5a2730fd80897e72ddb38ea581780') in 0.019414 seconds
Number of updated asset objects reloaded before import = 0
Number of asset objects unloaded after import = 2
========================================================================
Received Import Request.
  Time since last request: 0.000018 seconds.
  path: Assets/Vehicle/FRMuscleSounds/EXH_3806.wav
  artifactKey: Guid(78753d21449d16b459eb450be3ab2031) Importer(815301076,1909f56bfc062723c751e8b465ee728b)
Start importing Assets/Vehicle/FRMuscleSounds/EXH_3806.wav using Guid(78753d21449d16b459eb450be3ab2031) Importer(815301076,1909f56bfc062723c751e8b465ee728b)  -> (artifact id: '8bc9f6a1e94aae813721744934dae9e1') in 0.019954 seconds
Number of updated asset objects reloaded before import = 0
Number of asset objects unloaded after import = 2
========================================================================
Received Import Request.
  Time since last request: 0.000017 seconds.
  path: Assets/Vehicle/FRMuscleSounds/EXH_3557_P.wav
  artifactKey: Guid(72f521a2ae8fd6a44bcbe3f6270b5b7f) Importer(815301076,1909f56bfc062723c751e8b465ee728b)
Start importing Assets/Vehicle/FRMuscleSounds/EXH_3557_P.wav using Guid(72f521a2ae8fd6a44bcbe3f6270b5b7f) Importer(815301076,1909f56bfc062723c751e8b465ee728b)  -> (artifact id: '0db6a550e59c2d8da029b2a3ad199f34') in 0.017572 seconds
Number of updated asset objects reloaded before import = 0
Number of asset objects unloaded after import = 2
========================================================================
Received Import Request.
  Time since last request: 0.000019 seconds.
  path: Assets/Vehicle/FRMuscleSounds/EXH_2370_P.wav
  artifactKey: Guid(52086f99bfe8fc749b786ece43e3dc0b) Importer(815301076,1909f56bfc062723c751e8b465ee728b)
Start importing Assets/Vehicle/FRMuscleSounds/EXH_2370_P.wav using Guid(52086f99bfe8fc749b786ece43e3dc0b) Importer(815301076,1909f56bfc062723c751e8b465ee728b)  -> (artifact id: '334d3da4851fb562a318e37fc55cb773') in 0.017177 seconds
Number of updated asset objects reloaded before import = 0
Number of asset objects unloaded after import = 2
========================================================================
Received Import Request.
  Time since last request: 0.000017 seconds.
  path: Assets/Vehicle/FRMuscleSounds/EXH_1808.wav
  artifactKey: Guid(394eb61c3f0952f4399f021f9d34033e) Importer(815301076,1909f56bfc062723c751e8b465ee728b)
Start importing Assets/Vehicle/FRMuscleSounds/EXH_1808.wav using Guid(394eb61c3f0952f4399f021f9d34033e) Importer(815301076,1909f56bfc062723c751e8b465ee728b)  -> (artifact id: 'b155d5c36c65571136c842be890adf84') in 0.018532 seconds
Number of updated asset objects reloaded before import = 0
Number of asset objects unloaded after import = 2
========================================================================
Received Import Request.
  Time since last request: 0.000017 seconds.
  path: Assets/Vehicle/FRMuscleSounds/EXH_1052.wav
  artifactKey: Guid(938b51a93d622904ca7ead9976f01059) Importer(815301076,1909f56bfc062723c751e8b465ee728b)
Start importing Assets/Vehicle/FRMuscleSounds/EXH_1052.wav using Guid(938b51a93d622904ca7ead9976f01059) Importer(815301076,1909f56bfc062723c751e8b465ee728b)  -> (artifact id: '481e8616e531dfa3d3a8ff626708ac2b') in 0.018801 seconds
Number of updated asset objects reloaded before import = 0
Number of asset objects unloaded after import = 2
========================================================================
Received Import Request.
  Time since last request: 0.000018 seconds.
  path: Assets/Vehicle/FRMuscleSounds/EXH_1476_P.wav
  artifactKey: Guid(308c4dc790415cc46a1a73f75b4d1117) Importer(815301076,1909f56bfc062723c751e8b465ee728b)
Start importing Assets/Vehicle/FRMuscleSounds/EXH_1476_P.wav using Guid(308c4dc790415cc46a1a73f75b4d1117) Importer(815301076,1909f56bfc062723c751e8b465ee728b)  -> (artifact id: 'ed61bc15b360f7b4e515d9301e32d3e4') in 0.018317 seconds
Number of updated asset objects reloaded before import = 0
Number of asset objects unloaded after import = 2
========================================================================
Received Import Request.
  Time since last request: 0.000021 seconds.
  path: Assets/Vehicle/FRMuscleSounds/EXH_1380_P.wav
  artifactKey: Guid(7850adf34d72a064bad21e9fc5d29d15) Importer(815301076,1909f56bfc062723c751e8b465ee728b)
Start importing Assets/Vehicle/FRMuscleSounds/EXH_1380_P.wav using Guid(7850adf34d72a064bad21e9fc5d29d15) Importer(815301076,1909f56bfc062723c751e8b465ee728b)  -> (artifact id: 'f45cc0e13068ce11c5bcff4a3530f58d') in 0.019330 seconds
Number of updated asset objects reloaded before import = 0
Number of asset objects unloaded after import = 2
========================================================================
Received Import Request.
  Time since last request: 0.000029 seconds.
  path: Assets/Vehicle/FRMuscleSounds/EXH_1935_P.wav
  artifactKey: Guid(e5445112bf233744984985f7d3709255) Importer(815301076,1909f56bfc062723c751e8b465ee728b)
Start importing Assets/Vehicle/FRMuscleSounds/EXH_1935_P.wav using Guid(e5445112bf233744984985f7d3709255) Importer(815301076,1909f56bfc062723c751e8b465ee728b)  -> (artifact id: 'b6e3077a77fc759df1fedfe556530bfe') in 0.020150 seconds
Number of updated asset objects reloaded before import = 0
Number of asset objects unloaded after import = 2
========================================================================
Received Import Request.
  Time since last request: 0.000018 seconds.
  path: Assets/Vehicle/FRMuscleSounds/EXH_2215_P.wav
  artifactKey: Guid(c40aa355dfd591b40b467dd7924e8815) Importer(815301076,1909f56bfc062723c751e8b465ee728b)
Start importing Assets/Vehicle/FRMuscleSounds/EXH_2215_P.wav using Guid(c40aa355dfd591b40b467dd7924e8815) Importer(815301076,1909f56bfc062723c751e8b465ee728b)  -> (artifact id: 'f7f182eca0f2551ec23d1dad56a76274') in 0.018666 seconds
Number of updated asset objects reloaded before import = 0
Number of asset objects unloaded after import = 2
========================================================================
Received Import Request.
  Time since last request: 0.436138 seconds.
  path: Assets/Vehicle/FRMuscleSounds/EXH_4073_P.wav
  artifactKey: Guid(ecff84106ac11284cb6828de32c081c4) Importer(815301076,1909f56bfc062723c751e8b465ee728b)
Start importing Assets/Vehicle/FRMuscleSounds/EXH_4073_P.wav using Guid(ecff84106ac11284cb6828de32c081c4) Importer(815301076,1909f56bfc062723c751e8b465ee728b)  -> (artifact id: 'b9e11a64b3798acdb179e4869e56e7ba') in 0.021338 seconds
Number of updated asset objects reloaded before import = 0
Number of asset objects unloaded after import = 2
========================================================================
Received Import Request.
  Time since last request: 0.000026 seconds.
  path: Assets/Vehicle/FRMuscleSounds/EXH_5338_P.wav
  artifactKey: Guid(07c642e1b99c61c4da9f3745ca541fe2) Importer(815301076,1909f56bfc062723c751e8b465ee728b)
Start importing Assets/Vehicle/FRMuscleSounds/EXH_5338_P.wav using Guid(07c642e1b99c61c4da9f3745ca541fe2) Importer(815301076,1909f56bfc062723c751e8b465ee728b)  -> (artifact id: 'fc6e63815fdb364fd1d34dd3046b2e1e') in 0.022004 seconds
Number of updated asset objects reloaded before import = 0
Number of asset objects unloaded after import = 2
========================================================================
Received Import Request.
  Time since last request: 0.000018 seconds.
  path: Assets/Vehicle/FRMuscleSounds/EXH_4989.wav
  artifactKey: Guid(ff04bcff2b82469499099c891810f46f) Importer(815301076,1909f56bfc062723c751e8b465ee728b)
Start importing Assets/Vehicle/FRMuscleSounds/EXH_4989.wav using Guid(ff04bcff2b82469499099c891810f46f) Importer(815301076,1909f56bfc062723c751e8b465ee728b)  -> (artifact id: 'b63469ef6895086d29e004fe268b7a88') in 0.020237 seconds
Number of updated asset objects reloaded before import = 0
Number of asset objects unloaded after import = 2
========================================================================
Received Import Request.
  Time since last request: 0.000021 seconds.
  path: Assets/Vehicle/FRMuscleSounds/EXH_4663_P.wav
  artifactKey: Guid(ba6a94600de389b4497b15089fa390ed) Importer(815301076,1909f56bfc062723c751e8b465ee728b)
Start importing Assets/Vehicle/FRMuscleSounds/EXH_4663_P.wav using Guid(ba6a94600de389b4497b15089fa390ed) Importer(815301076,1909f56bfc062723c751e8b465ee728b)  -> (artifact id: 'b345cece4649639766c1c7510355c93f') in 0.021428 seconds
Number of updated asset objects reloaded before import = 0
Number of asset objects unloaded after import = 2
========================================================================
Received Import Request.
  Time since last request: 0.000018 seconds.
  path: Assets/Vehicle/FRMuscleSounds/EXH_4663.wav
  artifactKey: Guid(6a8d8cff7ff7723498296743ccf478d6) Importer(815301076,1909f56bfc062723c751e8b465ee728b)
Start importing Assets/Vehicle/FRMuscleSounds/EXH_4663.wav using Guid(6a8d8cff7ff7723498296743ccf478d6) Importer(815301076,1909f56bfc062723c751e8b465ee728b)  -> (artifact id: 'bb535f8eecfb19382623b6ea34ec757d') in 0.020498 seconds
Number of updated asset objects reloaded before import = 0
Number of asset objects unloaded after import = 2
========================================================================
Received Import Request.
  Time since last request: 0.000015 seconds.
  path: Assets/Vehicle/FRMuscleSounds/EXH_5712.wav
  artifactKey: Guid(321c5c15b2b1d53469c5718b9c6e2733) Importer(815301076,1909f56bfc062723c751e8b465ee728b)
Start importing Assets/Vehicle/FRMuscleSounds/EXH_5712.wav using Guid(321c5c15b2b1d53469c5718b9c6e2733) Importer(815301076,1909f56bfc062723c751e8b465ee728b)  -> (artifact id: '149118e2ee8898deff7a335f0dcef0fb') in 0.019475 seconds
Number of updated asset objects reloaded before import = 0
Number of asset objects unloaded after import = 2
========================================================================
Received Import Request.
  Time since last request: 0.000016 seconds.
  path: Assets/Vehicle/FRMuscleSounds/EXH_6112.wav
  artifactKey: Guid(ecf88da0541307b4a95e59cfb903895e) Importer(815301076,1909f56bfc062723c751e8b465ee728b)
Start importing Assets/Vehicle/FRMuscleSounds/EXH_6112.wav using Guid(ecf88da0541307b4a95e59cfb903895e) Importer(815301076,1909f56bfc062723c751e8b465ee728b)  -> (artifact id: '6d4551270ce882b5978d7eb0bea183ae') in 0.018088 seconds
Number of updated asset objects reloaded before import = 0
Number of asset objects unloaded after import = 2
========================================================================
Received Prepare
Begin MonoManager ReloadAssembly
- Loaded All Assemblies, in  0.495 seconds
Refreshing native plugins compatible for Editor in 3.31 ms, found 3 plugins.
Native extension for WindowsStandalone target not found
[Package Manager] Server::EnsureServerProcessIsRunning -- launch failed, reason: Unity was launched with the -noUpm command-line argument
[Package Manager] UpmClient::Send -- Unable to send message (not connected to UPM process).
[Package Manager] Cannot connect to Unity Package Manager local server
Mono: successfully reloaded assembly
- Finished resetting the current domain, in  1.152 seconds
Domain Reload Profiling: 1645ms
	BeginReloadAssembly (192ms)
		ExecutionOrderSort (0ms)
		DisableScriptedObjects (8ms)
		BackupInstance (0ms)
		ReleaseScriptingObjects (0ms)
		CreateAndSetChildDomain (45ms)
	RebuildCommonClasses (34ms)
	RebuildNativeTypeToScriptingClass (10ms)
	initialDomainReloadingComplete (31ms)
	LoadAllAssembliesAndSetupDomain (225ms)
		LoadAssemblies (313ms)
		RebuildTransferFunctionScriptingTraits (0ms)
		AnalyzeDomain (12ms)
			TypeCache.Refresh (7ms)
				TypeCache.ScanAssembly (0ms)
			ScanForSourceGeneratedMonoScriptInfo (0ms)
			ResolveRequiredComponents (4ms)
	FinalizeReload (1152ms)
		ReleaseScriptCaches (0ms)
		RebuildScriptCaches (0ms)
		SetupLoadedEditorAssemblies (446ms)
			LogAssemblyErrors (0ms)
			InitializePlatformSupportModulesInManaged (6ms)
			SetLoadedEditorAssemblies (3ms)
			RefreshPlugins (0ms)
			BeforeProcessingInitializeOnLoad (61ms)
			ProcessInitializeOnLoadAttributes (350ms)
			ProcessInitializeOnLoadMethodAttributes (20ms)
			AfterProcessingInitializeOnLoad (6ms)
			EditorAssembliesLoaded (0ms)
		ExecutionOrderSort2 (0ms)
		AwakeInstancesAfterBackupRestoration (6ms)
Refreshing native plugins compatible for Editor in 9.06 ms, found 3 plugins.
Preloading 0 native plugins for Editor in 0.00 ms.
Unloading 3508 Unused Serialized files (Serialized files now loaded: 0)
Unloading 36 unused Assets / (1.5 MB). Loaded Objects now: 4119.
Memory consumption went from 169.3 MB to 167.8 MB.
Total: 7.539500 ms (FindLiveObjects: 0.688700 ms CreateObjectMapping: 0.257000 ms MarkObjects: 5.676900 ms  DeleteObjects: 0.915600 ms)

Prepare: number of updated asset objects reloaded= 0
AssetImportParameters requested are different than current active one (requested -> active):
  custom:container-demuxer-ogg: 62fdf1f143b41e24485cea50d1cbac27 -> 
  custom:video-decoder-ogg-theora: a1e56fd34408186e4bbccfd4996cb3dc -> 
  custom:framework-win-MediaFoundation: 216162199b28c13a410421893ffa2e32 -> 
  custom:CustomObjectIndexerAttribute: 6d391050e5a25f67b0a2c618074f2cd9 -> 
  custom:container-demuxer-webm: 4f35f7cbe854078d1ac9338744f61a02 -> 
  custom:container-muxer-webm: aa71ff27fc2769a1b78a27578f13a17b -> 
  custom:video-decoder-webm-vp8: 9c59270c3fd7afecdb556c50c9e8de78 -> 
  custom:SearchIndexIgnoredProperties: e643bd26f0fe6173181afceb89e7c659 -> 
  custom:AudioImporter_EditorPlatform: d09bf68614088b80899f8185d706f6e7 -> 
  custom:video-encoder-webm-vp8: eb34c28f22e8b96e1ab97ce403110664 -> 
  custom:audio-decoder-ogg-vorbis: bf7c407c2cedff20999df2af8eb42d56 -> 
  custom:audio-encoder-webm-vorbis: bf7c407c2cedff20999df2af8eb42d56 -> 
========================================================================
Received Prepare
Begin MonoManager ReloadAssembly
- Loaded All Assemblies, in  0.485 seconds
Refreshing native plugins compatible for Editor in 3.63 ms, found 3 plugins.
Native extension for WindowsStandalone target not found
[Package Manager] Server::EnsureServerProcessIsRunning -- launch failed, reason: Unity was launched with the -noUpm command-line argument
[Package Manager] UpmClient::Send -- Unable to send message (not connected to UPM process).
[Package Manager] Cannot connect to Unity Package Manager local server
Mono: successfully reloaded assembly
- Finished resetting the current domain, in  1.040 seconds
Domain Reload Profiling: 1523ms
	BeginReloadAssembly (165ms)
		ExecutionOrderSort (0ms)
		DisableScriptedObjects (6ms)
		BackupInstance (0ms)
		ReleaseScriptingObjects (0ms)
		CreateAndSetChildDomain (40ms)
	RebuildCommonClasses (38ms)
	RebuildNativeTypeToScriptingClass (11ms)
	initialDomainReloadingComplete (31ms)
	LoadAllAssembliesAndSetupDomain (237ms)
		LoadAssemblies (308ms)
		RebuildTransferFunctionScriptingTraits (0ms)
		AnalyzeDomain (15ms)
			TypeCache.Refresh (7ms)
				TypeCache.ScanAssembly (0ms)
			ScanForSourceGeneratedMonoScriptInfo (0ms)
			ResolveRequiredComponents (6ms)
	FinalizeReload (1041ms)
		ReleaseScriptCaches (0ms)
		RebuildScriptCaches (0ms)
		SetupLoadedEditorAssemblies (455ms)
			LogAssemblyErrors (0ms)
			InitializePlatformSupportModulesInManaged (6ms)
			SetLoadedEditorAssemblies (5ms)
			RefreshPlugins (0ms)
			BeforeProcessingInitializeOnLoad (61ms)
			ProcessInitializeOnLoadAttributes (356ms)
			ProcessInitializeOnLoadMethodAttributes (21ms)
			AfterProcessingInitializeOnLoad (6ms)
			EditorAssembliesLoaded (0ms)
		ExecutionOrderSort2 (0ms)
		AwakeInstancesAfterBackupRestoration (6ms)
Refreshing native plugins compatible for Editor in 9.81 ms, found 3 plugins.
Preloading 0 native plugins for Editor in 0.00 ms.
Unloading 3509 Unused Serialized files (Serialized files now loaded: 0)
Unloading 36 unused Assets / (1.5 MB). Loaded Objects now: 4122.
Memory consumption went from 171.5 MB to 170.0 MB.
Total: 10.162000 ms (FindLiveObjects: 1.150800 ms CreateObjectMapping: 0.448300 ms MarkObjects: 7.540700 ms  DeleteObjects: 1.019100 ms)

Prepare: number of updated asset objects reloaded= 0
AssetImportParameters requested are different than current active one (requested -> active):
  custom:container-demuxer-ogg: 62fdf1f143b41e24485cea50d1cbac27 -> 
  custom:video-decoder-ogg-theora: a1e56fd34408186e4bbccfd4996cb3dc -> 
  custom:framework-win-MediaFoundation: 216162199b28c13a410421893ffa2e32 -> 
  custom:CustomObjectIndexerAttribute: 6d391050e5a25f67b0a2c618074f2cd9 -> 
  custom:container-demuxer-webm: 4f35f7cbe854078d1ac9338744f61a02 -> 
  custom:container-muxer-webm: aa71ff27fc2769a1b78a27578f13a17b -> 
  custom:video-decoder-webm-vp8: 9c59270c3fd7afecdb556c50c9e8de78 -> 
  custom:SearchIndexIgnoredProperties: e643bd26f0fe6173181afceb89e7c659 -> 
  custom:AudioImporter_EditorPlatform: d09bf68614088b80899f8185d706f6e7 -> 
  custom:video-encoder-webm-vp8: eb34c28f22e8b96e1ab97ce403110664 -> 
  custom:audio-decoder-ogg-vorbis: bf7c407c2cedff20999df2af8eb42d56 -> 
  custom:audio-encoder-webm-vorbis: bf7c407c2cedff20999df2af8eb42d56 -> 
